Running from: /usr/share/jenkins/jenkins.war
webroot: EnvVars.masterEnvVars.get("JENKINS_HOME")
2020-10-21 20:42:52.319+0000 [id=1]	WARNING	winstone.Logger#logInternal: Parameter handlerCountMax is now deprecated
2020-10-21 20:42:52.336+0000 [id=1]	INFO	org.eclipse.jetty.util.log.Log#initialized: Logging initialized @358ms to org.eclipse.jetty.util.log.JavaUtilLog
2020-10-21 20:42:52.438+0000 [id=1]	INFO	winstone.Logger#logInternal: Beginning extraction from war file
2020-10-21 20:42:52.464+0000 [id=1]	WARNING	o.e.j.s.handler.ContextHandler#setContextPath: Empty contextPath
2020-10-21 20:42:52.513+0000 [id=1]	INFO	org.eclipse.jetty.server.Server#doStart: jetty-9.4.30.v20200611; built: 2020-06-11T12:34:51.929Z; git: 271836e4c1f4612f12b7bb13ef5a92a927634b0d; jvm 1.8.0_242-b08
2020-10-21 20:42:52.759+0000 [id=1]	INFO	o.e.j.w.StandardDescriptorProcessor#visitServlet: NO JSP Support for /, did not find org.eclipse.jetty.jsp.JettyJspServlet
2020-10-21 20:42:52.797+0000 [id=1]	INFO	o.e.j.s.s.DefaultSessionIdManager#doStart: DefaultSessionIdManager workerName=node0
2020-10-21 20:42:52.800+0000 [id=1]	INFO	o.e.j.s.s.DefaultSessionIdManager#doStart: No SessionScavenger set, using defaults
2020-10-21 20:42:52.802+0000 [id=1]	INFO	o.e.j.server.session.HouseKeeper#startScavenging: node0 Scavenging every 600000ms
2020-10-21 20:42:53.071+0000 [id=1]	INFO	hudson.WebAppMain#contextInitialized: Jenkins home directory: /var/jenkins_home found at: EnvVars.masterEnvVars.get("JENKINS_HOME")
2020-10-21 20:42:53.148+0000 [id=1]	INFO	o.e.j.s.handler.ContextHandler#doStart: Started w.@60db1c0e{Jenkins v2.249.2,/,file:///var/jenkins_home/war/,AVAILABLE}{/var/jenkins_home/war}
2020-10-21 20:42:53.173+0000 [id=1]	INFO	o.e.j.server.AbstractConnector#doStart: Started ServerConnector@614c5515{HTTP/1.1, (http/1.1)}{0.0.0.0:8080}
2020-10-21 20:42:53.174+0000 [id=1]	INFO	org.eclipse.jetty.server.Server#doStart: Started @1196ms
2020-10-21 20:42:53.174+0000 [id=22]	INFO	winstone.Logger#logInternal: Winstone Servlet Engine running: controlPort=disabled
2020-10-21 20:42:55.064+0000 [id=29]	INFO	jenkins.InitReactorRunner$1#onAttained: Started initialization
2020-10-21 20:42:55.109+0000 [id=37]	INFO	jenkins.InitReactorRunner$1#onAttained: Listed all plugins
2020-10-21 20:42:56.144+0000 [id=35]	INFO	jenkins.InitReactorRunner$1#onAttained: Prepared all plugins
2020-10-21 20:42:56.148+0000 [id=39]	INFO	jenkins.InitReactorRunner$1#onAttained: Started all plugins
2020-10-21 20:42:56.154+0000 [id=35]	INFO	jenkins.InitReactorRunner$1#onAttained: Augmented all extensions
2020-10-21 20:42:56.396+0000 [id=27]	INFO	jenkins.InitReactorRunner$1#onAttained: System config loaded
2020-10-21 20:42:56.397+0000 [id=38]	INFO	jenkins.InitReactorRunner$1#onAttained: System config adapted
2020-10-21 20:42:56.397+0000 [id=28]	INFO	jenkins.InitReactorRunner$1#onAttained: Loaded all jobs
2020-10-21 20:42:56.397+0000 [id=31]	INFO	jenkins.InitReactorRunner$1#onAttained: Configuration for all jobs updated
2020-10-21 20:42:56.416+0000 [id=55]	INFO	hudson.model.AsyncPeriodicWork#lambda$doRun$0: Started Download metadata
2020-10-21 20:42:56.420+0000 [id=55]	INFO	hudson.model.AsyncPeriodicWork#lambda$doRun$0: Finished Download metadata. 4 ms
2020-10-21 20:42:56.941+0000 [id=30]	INFO	o.s.c.s.AbstractApplicationContext#prepareRefresh: Refreshing org.springframework.web.context.support.StaticWebApplicationContext@2f74409d: display name [Root WebApplicationContext]; startup date [Wed Oct 21 20:42:56 UTC 2020]; root of context hierarchy
2020-10-21 20:42:56.941+0000 [id=30]	INFO	o.s.c.s.AbstractApplicationContext#obtainFreshBeanFactory: Bean factory for application context [org.springframework.web.context.support.StaticWebApplicationContext@2f74409d]: org.springframework.beans.factory.support.DefaultListableBeanFactory@38ba7e40
2020-10-21 20:42:56.949+0000 [id=30]	INFO	o.s.b.f.s.DefaultListableBeanFactory#preInstantiateSingletons: Pre-instantiating singletons in org.springframework.beans.factory.support.DefaultListableBeanFactory@38ba7e40: defining beans [authenticationManager]; root of factory hierarchy
2020-10-21 20:42:57.088+0000 [id=30]	INFO	o.s.c.s.AbstractApplicationContext#prepareRefresh: Refreshing org.springframework.web.context.support.StaticWebApplicationContext@593c3b44: display name [Root WebApplicationContext]; startup date [Wed Oct 21 20:42:57 UTC 2020]; root of context hierarchy
2020-10-21 20:42:57.088+0000 [id=30]	INFO	o.s.c.s.AbstractApplicationContext#obtainFreshBeanFactory: Bean factory for application context [org.springframework.web.context.support.StaticWebApplicationContext@593c3b44]: org.springframework.beans.factory.support.DefaultListableBeanFactory@76aac93e
2020-10-21 20:42:57.089+0000 [id=30]	INFO	o.s.b.f.s.DefaultListableBeanFactory#preInstantiateSingletons: Pre-instantiating singletons in org.springframework.beans.factory.support.DefaultListableBeanFactory@76aac93e: defining beans [filter,legacy]; root of factory hierarchy
2020-10-21 20:42:57.141+0000 [id=30]	INFO	jenkins.InitReactorRunner$1#onAttained: Completed initialization
2020-10-21 20:42:57.236+0000 [id=21]	INFO	hudson.WebAppMain$3#run: Jenkins is fully up and running
